<?xml version="1.0" encoding="UTF-8"?>
<!-- Generated by org.testng.reporters.JUnitXMLReporter -->
<testsuite ignored="3" hostname="MSI" failures="0" tests="1" name="EdgeTest" time="8.356" errors="0" timestamp="2024-12-04T08:45:16 IST">
  <testcase classname="testscript.LoginTest" name="verifyUserLoginWithValidUserNameAndPassword" time="0.933"/>
  <testcase classname="testscript.LoginTest" name="verifyUserLoginWithInvalidUserNameAndPassword" time="0.0">
    <ignored/>
  </testcase> <!-- verifyUserLoginWithInvalidUserNameAndPassword -->
  <testcase classname="testscript.LoginTest" name="verifyUserLoginWithValidUserNameAndInvalidPassword" time="0.0">
    <ignored/>
  </testcase> <!-- verifyUserLoginWithValidUserNameAndInvalidPassword -->
  <testcase classname="testscript.LoginTest" name="verifyUserLoginWithInvalidUserNameAndValidPassword" time="0.0">
    <ignored/>
  </testcase> <!-- verifyUserLoginWithInvalidUserNameAndValidPassword -->
</testsuite> <!-- EdgeTest -->
