<?xml version="1.0" encoding="UTF-8"?>
<testng-results ignored="0" total="1" passed="1" failed="0" skipped="0">
  <reporter-output>
  </reporter-output>
  <suite started-at="2024-12-12T08:43:46 IST" name="Suite" finished-at="2024-12-12T08:43:59 IST" duration-ms="12593">
    <groups>
    </groups>
    <test started-at="2024-12-12T08:43:46 IST" name="Test" finished-at="2024-12-12T08:43:59 IST" duration-ms="12593">
      <class name="testscript.AdminUsersTest">
        <test-method is-config="true" signature="initialiseBrowser(java.lang.String)[pri:0, instance:testscript.AdminUsersTest@27eedb64]" started-at="2024-12-12T08:43:46 IST" name="initialiseBrowser" finished-at="2024-12-12T08:43:53 IST" duration-ms="6497" status="PASS">
          <params>
            <param index="0">
              <value>
                <![CDATA[Chrome]]>
              </value>
            </param>
          </params>
          <reporter-output>
          </reporter-output>
        </test-method> <!-- initialiseBrowser -->
        <test-method signature="verifyWhethertheUsercanAddaNewUsernameandPasswordtotheAdminUsersList()[pri:0, instance:testscript.AdminUsersTest@27eedb64]" started-at="2024-12-12T08:43:53 IST" name="verifyWhethertheUsercanAddaNewUsernameandPasswordtotheAdminUsersList" description="This is for add a new user name and password" finished-at="2024-12-12T08:43:58 IST" duration-ms="5694" status="PASS">
          <reporter-output>
          </reporter-output>
        </test-method> <!-- verifyWhethertheUsercanAddaNewUsernameandPasswordtotheAdminUsersList -->
        <test-method is-config="true" signature="driverQuit(org.testng.ITestResult)[pri:0, instance:testscript.AdminUsersTest@27eedb64]" started-at="2024-12-12T08:43:58 IST" name="driverQuit" finished-at="2024-12-12T08:43:59 IST" duration-ms="328" status="PASS">
          <params>
            <param index="0">
              <value>
                <![CDATA[[TestResult name=verifyWhethertheUsercanAddaNewUsernameandPasswordtotheAdminUsersList status=SUCCESS method=AdminUsersTest.verifyWhethertheUsercanAddaNewUsernameandPasswordtotheAdminUsersList()[pri:0, instance:testscript.AdminUsersTest@27eedb64] output={null}]]]>
              </value>
            </param>
          </params>
          <reporter-output>
          </reporter-output>
        </test-method> <!-- driverQuit -->
      </class> <!-- testscript.AdminUsersTest -->
    </test> <!-- Test -->
  </suite> <!-- Suite -->
</testng-results>
